{"total": {"lines":{"total":223,"covered":209,"skipped":0,"pct":93.72},"statements":{"total":241,"covered":217,"skipped":0,"pct":90.04},"functions":{"total":41,"covered":37,"skipped":0,"pct":90.24},"branches":{"total":43,"covered":26,"skipped":0,"pct":60.46},"branchesTrue":{"total":0,"covered":0,"skipped":0,"pct":100}}
,"C:\\Users\\andre\\OneDrive\\Documentos\\Projetos\\betting_platform_challenge\\src\\app.ts": {"lines":{"total":6,"covered":0,"skipped":0,"pct":0},"functions":{"total":2,"covered":0,"skipped":0,"pct":0},"statements":{"total":6,"covered":0,"skipped":0,"pct":0},"branches":{"total":2,"covered":0,"skipped":0,"pct":0}}
,"C:\\Users\\andre\\OneDrive\\Documentos\\Projetos\\betting_platform_challenge\\src\\index.ts": {"lines":{"total":18,"covered":18,"skipped":0,"pct":100},"functions":{"total":1,"covered":1,"skipped":0,"pct":100},"statements":{"total":18,"covered":18,"skipped":0,"pct":100},"branches":{"total":0,"covered":0,"skipped":0,"pct":100}}
,"C:\\Users\\andre\\OneDrive\\Documentos\\Projetos\\betting_platform_challenge\\src\\controller\\bets.controller.ts": {"lines":{"total":5,"covered":5,"skipped":0,"pct":100},"functions":{"total":1,"covered":1,"skipped":0,"pct":100},"statements":{"total":5,"covered":5,"skipped":0,"pct":100},"branches":{"total":0,"covered":0,"skipped":0,"pct":100}}
,"C:\\Users\\andre\\OneDrive\\Documentos\\Projetos\\betting_platform_challenge\\src\\controller\\games.controller.ts": {"lines":{"total":23,"covered":23,"skipped":0,"pct":100},"functions":{"total":4,"covered":4,"skipped":0,"pct":100},"statements":{"total":29,"covered":26,"skipped":0,"pct":89.65},"branches":{"total":14,"covered":11,"skipped":0,"pct":78.57}}
,"C:\\Users\\andre\\OneDrive\\Documentos\\Projetos\\betting_platform_challenge\\src\\controller\\participant.controller.ts": {"lines":{"total":15,"covered":15,"skipped":0,"pct":100},"functions":{"total":3,"covered":3,"skipped":0,"pct":100},"statements":{"total":18,"covered":17,"skipped":0,"pct":94.44},"branches":{"total":5,"covered":4,"skipped":0,"pct":80}}
,"C:\\Users\\andre\\OneDrive\\Documentos\\Projetos\\betting_platform_challenge\\src\\database\\index.ts": {"lines":{"total":2,"covered":2,"skipped":0,"pct":100},"functions":{"total":0,"covered":0,"skipped":0,"pct":100},"statements":{"total":2,"covered":2,"skipped":0,"pct":100},"branches":{"total":0,"covered":0,"skipped":0,"pct":100}}
,"C:\\Users\\andre\\OneDrive\\Documentos\\Projetos\\betting_platform_challenge\\src\\middleware\\error.middleware.ts": {"lines":{"total":21,"covered":15,"skipped":0,"pct":71.42},"functions":{"total":1,"covered":1,"skipped":0,"pct":100},"statements":{"total":21,"covered":15,"skipped":0,"pct":71.42},"branches":{"total":7,"covered":4,"skipped":0,"pct":57.14}}
,"C:\\Users\\andre\\OneDrive\\Documentos\\Projetos\\betting_platform_challenge\\src\\middleware\\joi.middleware.ts": {"lines":{"total":8,"covered":8,"skipped":0,"pct":100},"functions":{"total":2,"covered":2,"skipped":0,"pct":100},"statements":{"total":8,"covered":8,"skipped":0,"pct":100},"branches":{"total":0,"covered":0,"skipped":0,"pct":100}}
,"C:\\Users\\andre\\OneDrive\\Documentos\\Projetos\\betting_platform_challenge\\src\\repository\\bet.repository.ts": {"lines":{"total":10,"covered":10,"skipped":0,"pct":100},"functions":{"total":3,"covered":3,"skipped":0,"pct":100},"statements":{"total":10,"covered":10,"skipped":0,"pct":100},"branches":{"total":0,"covered":0,"skipped":0,"pct":100}}
,"C:\\Users\\andre\\OneDrive\\Documentos\\Projetos\\betting_platform_challenge\\src\\repository\\game.repository.ts": {"lines":{"total":9,"covered":9,"skipped":0,"pct":100},"functions":{"total":4,"covered":4,"skipped":0,"pct":100},"statements":{"total":9,"covered":9,"skipped":0,"pct":100},"branches":{"total":0,"covered":0,"skipped":0,"pct":100}}
,"C:\\Users\\andre\\OneDrive\\Documentos\\Projetos\\betting_platform_challenge\\src\\repository\\participant.repository.ts": {"lines":{"total":11,"covered":10,"skipped":0,"pct":90.9},"functions":{"total":5,"covered":4,"skipped":0,"pct":80},"statements":{"total":11,"covered":10,"skipped":0,"pct":90.9},"branches":{"total":0,"covered":0,"skipped":0,"pct":100}}
,"C:\\Users\\andre\\OneDrive\\Documentos\\Projetos\\betting_platform_challenge\\src\\router\\bets.router.ts": {"lines":{"total":7,"covered":7,"skipped":0,"pct":100},"functions":{"total":0,"covered":0,"skipped":0,"pct":100},"statements":{"total":7,"covered":7,"skipped":0,"pct":100},"branches":{"total":0,"covered":0,"skipped":0,"pct":100}}
,"C:\\Users\\andre\\OneDrive\\Documentos\\Projetos\\betting_platform_challenge\\src\\router\\games.router.ts": {"lines":{"total":10,"covered":10,"skipped":0,"pct":100},"functions":{"total":0,"covered":0,"skipped":0,"pct":100},"statements":{"total":10,"covered":10,"skipped":0,"pct":100},"branches":{"total":0,"covered":0,"skipped":0,"pct":100}}
,"C:\\Users\\andre\\OneDrive\\Documentos\\Projetos\\betting_platform_challenge\\src\\router\\participant.router.ts": {"lines":{"total":9,"covered":9,"skipped":0,"pct":100},"functions":{"total":0,"covered":0,"skipped":0,"pct":100},"statements":{"total":9,"covered":9,"skipped":0,"pct":100},"branches":{"total":0,"covered":0,"skipped":0,"pct":100}}
,"C:\\Users\\andre\\OneDrive\\Documentos\\Projetos\\betting_platform_challenge\\src\\schemas\\bet.schema.ts": {"lines":{"total":2,"covered":2,"skipped":0,"pct":100},"functions":{"total":0,"covered":0,"skipped":0,"pct":100},"statements":{"total":2,"covered":2,"skipped":0,"pct":100},"branches":{"total":0,"covered":0,"skipped":0,"pct":100}}
,"C:\\Users\\andre\\OneDrive\\Documentos\\Projetos\\betting_platform_challenge\\src\\schemas\\game.schema.ts": {"lines":{"total":3,"covered":3,"skipped":0,"pct":100},"functions":{"total":0,"covered":0,"skipped":0,"pct":100},"statements":{"total":3,"covered":3,"skipped":0,"pct":100},"branches":{"total":0,"covered":0,"skipped":0,"pct":100}}
,"C:\\Users\\andre\\OneDrive\\Documentos\\Projetos\\betting_platform_challenge\\src\\schemas\\participant.schema.ts": {"lines":{"total":2,"covered":2,"skipped":0,"pct":100},"functions":{"total":0,"covered":0,"skipped":0,"pct":100},"statements":{"total":2,"covered":2,"skipped":0,"pct":100},"branches":{"total":0,"covered":0,"skipped":0,"pct":100}}
,"C:\\Users\\andre\\OneDrive\\Documentos\\Projetos\\betting_platform_challenge\\src\\service\\bet.service.ts": {"lines":{"total":38,"covered":37,"skipped":0,"pct":97.36},"functions":{"total":8,"covered":7,"skipped":0,"pct":87.5},"statements":{"total":46,"covered":40,"skipped":0,"pct":86.95},"branches":{"total":14,"covered":7,"skipped":0,"pct":50}}
,"C:\\Users\\andre\\OneDrive\\Documentos\\Projetos\\betting_platform_challenge\\src\\service\\game.service.ts": {"lines":{"total":14,"covered":14,"skipped":0,"pct":100},"functions":{"total":4,"covered":4,"skipped":0,"pct":100},"statements":{"total":15,"covered":14,"skipped":0,"pct":93.33},"branches":{"total":1,"covered":0,"skipped":0,"pct":0}}
,"C:\\Users\\andre\\OneDrive\\Documentos\\Projetos\\betting_platform_challenge\\src\\service\\participant.service.ts": {"lines":{"total":10,"covered":10,"skipped":0,"pct":100},"functions":{"total":3,"covered":3,"skipped":0,"pct":100},"statements":{"total":10,"covered":10,"skipped":0,"pct":100},"branches":{"total":0,"covered":0,"skipped":0,"pct":100}}
}
